{"/Users/alexmwaleh/projects/kasha/with-semantic-ui-app/api/index.js": {"path":"/Users/alexmwaleh/projects/kasha/with-semantic-ui-app/api/index.js","statementMap":{"0":{"start":{"line":3,"column":21},"end":{"line":3,"column":66}},"1":{"start":{"line":4,"column":24},"end":{"line":4,"column":69}},"2":{"start":{"line":5,"column":20},"end":{"line":13,"column":2}},"3":{"start":{"line":15,"column":19},"end":{"line":15,"column":53}},"4":{"start":{"line":15,"column":28},"end":{"line":15,"column":53}},"5":{"start":{"line":17,"column":20},"end":{"line":17,"column":67}},"6":{"start":{"line":17,"column":35},"end":{"line":17,"column":67}},"7":{"start":{"line":19,"column":19},"end":{"line":19,"column":65}},"8":{"start":{"line":19,"column":34},"end":{"line":19,"column":65}}},"fnMap":{"0":{"name":"(anonymous_0)","decl":{"start":{"line":15,"column":19},"end":{"line":15,"column":20}},"loc":{"start":{"line":15,"column":28},"end":{"line":15,"column":53}},"line":15},"1":{"name":"(anonymous_1)","decl":{"start":{"line":17,"column":20},"end":{"line":17,"column":21}},"loc":{"start":{"line":17,"column":35},"end":{"line":17,"column":67}},"line":17},"2":{"name":"(anonymous_2)","decl":{"start":{"line":19,"column":19},"end":{"line":19,"column":20}},"loc":{"start":{"line":19,"column":34},"end":{"line":19,"column":65}},"line":19}},"branchMap":{},"s":{"0":1,"1":1,"2":1,"3":1,"4":0,"5":1,"6":0,"7":1,"8":0},"f":{"0":0,"1":0,"2":0},"b":{},"_coverageSchema":"43e27e138ebf9cfc5966b082cf9a028302ed4184","hash":"30598c85bf78ff73245c2d91ecea04c1616e61f6"}
,"/Users/alexmwaleh/projects/kasha/with-semantic-ui-app/components/layout.js": {"path":"/Users/alexmwaleh/projects/kasha/with-semantic-ui-app/components/layout.js","statementMap":{"0":{"start":{"line":9,"column":13},"end":{"line":9,"column":31}},"1":{"start":{"line":12,"column":6},"end":{"line":12,"column":19}},"2":{"start":{"line":13,"column":6},"end":{"line":13,"column":25}},"3":{"start":{"line":16,"column":2},"end":{"line":39,"column":9}}},"fnMap":{"0":{"name":"(anonymous_0)","decl":{"start":{"line":11,"column":19},"end":{"line":11,"column":20}},"loc":{"start":{"line":11,"column":24},"end":{"line":14,"column":5}},"line":11},"1":{"name":"(anonymous_1)","decl":{"start":{"line":15,"column":2},"end":{"line":15,"column":3}},"loc":{"start":{"line":15,"column":10},"end":{"line":41,"column":3}},"line":15}},"branchMap":{},"s":{"0":2,"1":0,"2":0,"3":1},"f":{"0":0,"1":1},"b":{},"_coverageSchema":"43e27e138ebf9cfc5966b082cf9a028302ed4184","hash":"54b48d95d6bf3d307d90baa26e4883d1fafbd129"}
,"/Users/alexmwaleh/projects/kasha/with-semantic-ui-app/pages/create_customer.js": {"path":"/Users/alexmwaleh/projects/kasha/with-semantic-ui-app/pages/create_customer.js","statementMap":{"0":{"start":{"line":8,"column":20},"end":{"line":35,"column":1}},"1":{"start":{"line":8,"column":28},"end":{"line":35,"column":1}},"2":{"start":{"line":37,"column":23},"end":{"line":65,"column":1}},"3":{"start":{"line":37,"column":31},"end":{"line":65,"column":1}},"4":{"start":{"line":67,"column":24},"end":{"line":93,"column":1}},"5":{"start":{"line":67,"column":32},"end":{"line":93,"column":1}},"6":{"start":{"line":95,"column":16},"end":{"line":109,"column":1}},"7":{"start":{"line":96,"column":2},"end":{"line":108,"column":15}},"8":{"start":{"line":98,"column":6},"end":{"line":106,"column":20}},"9":{"start":{"line":104,"column":25},"end":{"line":104,"column":36}},"10":{"start":{"line":118,"column":24},"end":{"line":118,"column":32}},"11":{"start":{"line":119,"column":19},"end":{"line":119,"column":56}},"12":{"start":{"line":120,"column":17},"end":{"line":120,"column":40}},"13":{"start":{"line":122,"column":4},"end":{"line":122,"column":33}},"14":{"start":{"line":126,"column":28},"end":{"line":126,"column":36}},"15":{"start":{"line":127,"column":25},"end":{"line":127,"column":43}},"16":{"start":{"line":128,"column":4},"end":{"line":149,"column":5}},"17":{"start":{"line":129,"column":22},"end":{"line":129,"column":65}},"18":{"start":{"line":130,"column":20},"end":{"line":130,"column":66}},"19":{"start":{"line":131,"column":6},"end":{"line":131,"column":38}},"20":{"start":{"line":132,"column":6},"end":{"line":142,"column":9}},"21":{"start":{"line":133,"column":8},"end":{"line":141,"column":10}},"22":{"start":{"line":144,"column":6},"end":{"line":148,"column":9}},"23":{"start":{"line":145,"column":8},"end":{"line":147,"column":10}},"24":{"start":{"line":152,"column":4},"end":{"line":152,"column":23}},"25":{"start":{"line":153,"column":4},"end":{"line":169,"column":5}},"26":{"start":{"line":154,"column":21},"end":{"line":156,"column":50}},"27":{"start":{"line":157,"column":6},"end":{"line":157,"column":30}},"28":{"start":{"line":158,"column":19},"end":{"line":158,"column":42}},"29":{"start":{"line":159,"column":6},"end":{"line":165,"column":7}},"30":{"start":{"line":160,"column":8},"end":{"line":160,"column":37}},"31":{"start":{"line":163,"column":8},"end":{"line":163,"column":47}},"32":{"start":{"line":164,"column":8},"end":{"line":164,"column":62}},"33":{"start":{"line":168,"column":6},"end":{"line":168,"column":58}},"34":{"start":{"line":173,"column":4},"end":{"line":177,"column":5}},"35":{"start":{"line":174,"column":6},"end":{"line":176,"column":15}},"36":{"start":{"line":175,"column":8},"end":{"line":175,"column":42}},"37":{"start":{"line":178,"column":27},"end":{"line":178,"column":37}},"38":{"start":{"line":179,"column":37},"end":{"line":179,"column":47}},"39":{"start":{"line":180,"column":4},"end":{"line":222,"column":6}},"40":{"start":{"line":182,"column":29},"end":{"line":182,"column":49}}},"fnMap":{"0":{"name":"(anonymous_0)","decl":{"start":{"line":8,"column":20},"end":{"line":8,"column":21}},"loc":{"start":{"line":8,"column":28},"end":{"line":35,"column":1}},"line":8},"1":{"name":"(anonymous_1)","decl":{"start":{"line":37,"column":23},"end":{"line":37,"column":24}},"loc":{"start":{"line":37,"column":31},"end":{"line":65,"column":1}},"line":37},"2":{"name":"(anonymous_2)","decl":{"start":{"line":67,"column":24},"end":{"line":67,"column":25}},"loc":{"start":{"line":67,"column":32},"end":{"line":93,"column":1}},"line":67},"3":{"name":"(anonymous_3)","decl":{"start":{"line":95,"column":16},"end":{"line":95,"column":17}},"loc":{"start":{"line":96,"column":2},"end":{"line":108,"column":15}},"line":96},"4":{"name":"(anonymous_4)","decl":{"start":{"line":97,"column":17},"end":{"line":97,"column":18}},"loc":{"start":{"line":98,"column":6},"end":{"line":106,"column":20}},"line":98},"5":{"name":"(anonymous_5)","decl":{"start":{"line":104,"column":20},"end":{"line":104,"column":21}},"loc":{"start":{"line":104,"column":25},"end":{"line":104,"column":36}},"line":104},"6":{"name":"(anonymous_6)","decl":{"start":{"line":117,"column":2},"end":{"line":117,"column":3}},"loc":{"start":{"line":117,"column":42},"end":{"line":123,"column":3}},"line":117},"7":{"name":"(anonymous_7)","decl":{"start":{"line":125,"column":13},"end":{"line":125,"column":14}},"loc":{"start":{"line":125,"column":18},"end":{"line":150,"column":3}},"line":125},"8":{"name":"(anonymous_8)","decl":{"start":{"line":132,"column":20},"end":{"line":132,"column":21}},"loc":{"start":{"line":132,"column":33},"end":{"line":142,"column":7}},"line":132},"9":{"name":"(anonymous_9)","decl":{"start":{"line":144,"column":20},"end":{"line":144,"column":21}},"loc":{"start":{"line":144,"column":33},"end":{"line":148,"column":7}},"line":144},"10":{"name":"(anonymous_10)","decl":{"start":{"line":151,"column":17},"end":{"line":151,"column":18}},"loc":{"start":{"line":151,"column":28},"end":{"line":170,"column":3}},"line":151},"11":{"name":"(anonymous_11)","decl":{"start":{"line":172,"column":2},"end":{"line":172,"column":3}},"loc":{"start":{"line":172,"column":11},"end":{"line":223,"column":3}},"line":172},"12":{"name":"(anonymous_12)","decl":{"start":{"line":174,"column":17},"end":{"line":174,"column":18}},"loc":{"start":{"line":174,"column":23},"end":{"line":176,"column":7}},"line":174},"13":{"name":"(anonymous_13)","decl":{"start":{"line":182,"column":24},"end":{"line":182,"column":25}},"loc":{"start":{"line":182,"column":29},"end":{"line":182,"column":49}},"line":182}},"branchMap":{"0":{"loc":{"start":{"line":14,"column":11},"end":{"line":14,"column":34}},"type":"binary-expr","locations":[{"start":{"line":14,"column":11},"end":{"line":14,"column":15}},{"start":{"line":14,"column":19},"end":{"line":14,"column":34}}],"line":14},"1":{"loc":{"start":{"line":20,"column":11},"end":{"line":20,"column":33}},"type":"binary-expr","locations":[{"start":{"line":20,"column":11},"end":{"line":20,"column":15}},{"start":{"line":20,"column":19},"end":{"line":20,"column":33}}],"line":20},"2":{"loc":{"start":{"line":26,"column":11},"end":{"line":26,"column":32}},"type":"binary-expr","locations":[{"start":{"line":26,"column":11},"end":{"line":26,"column":15}},{"start":{"line":26,"column":19},"end":{"line":26,"column":32}}],"line":26},"3":{"loc":{"start":{"line":33,"column":11},"end":{"line":33,"column":29}},"type":"binary-expr","locations":[{"start":{"line":33,"column":11},"end":{"line":33,"column":15}},{"start":{"line":33,"column":19},"end":{"line":33,"column":29}}],"line":33},"4":{"loc":{"start":{"line":41,"column":11},"end":{"line":41,"column":34}},"type":"binary-expr","locations":[{"start":{"line":41,"column":11},"end":{"line":41,"column":15}},{"start":{"line":41,"column":19},"end":{"line":41,"column":34}}],"line":41},"5":{"loc":{"start":{"line":46,"column":11},"end":{"line":46,"column":33}},"type":"binary-expr","locations":[{"start":{"line":46,"column":11},"end":{"line":46,"column":15}},{"start":{"line":46,"column":19},"end":{"line":46,"column":33}}],"line":46},"6":{"loc":{"start":{"line":48,"column":49},"end":{"line":48,"column":67}},"type":"binary-expr","locations":[{"start":{"line":48,"column":49},"end":{"line":48,"column":53}},{"start":{"line":48,"column":57},"end":{"line":48,"column":67}}],"line":48},"7":{"loc":{"start":{"line":49,"column":47},"end":{"line":49,"column":64}},"type":"binary-expr","locations":[{"start":{"line":49,"column":47},"end":{"line":49,"column":51}},{"start":{"line":49,"column":55},"end":{"line":49,"column":64}}],"line":49},"8":{"loc":{"start":{"line":50,"column":49},"end":{"line":50,"column":67}},"type":"binary-expr","locations":[{"start":{"line":50,"column":49},"end":{"line":50,"column":53}},{"start":{"line":50,"column":57},"end":{"line":50,"column":67}}],"line":50},"9":{"loc":{"start":{"line":51,"column":49},"end":{"line":51,"column":67}},"type":"binary-expr","locations":[{"start":{"line":51,"column":49},"end":{"line":51,"column":53}},{"start":{"line":51,"column":57},"end":{"line":51,"column":67}}],"line":51},"10":{"loc":{"start":{"line":52,"column":53},"end":{"line":52,"column":73}},"type":"binary-expr","locations":[{"start":{"line":52,"column":53},"end":{"line":52,"column":57}},{"start":{"line":52,"column":61},"end":{"line":52,"column":73}}],"line":52},"11":{"loc":{"start":{"line":53,"column":53},"end":{"line":53,"column":73}},"type":"binary-expr","locations":[{"start":{"line":53,"column":53},"end":{"line":53,"column":57}},{"start":{"line":53,"column":61},"end":{"line":53,"column":73}}],"line":53},"12":{"loc":{"start":{"line":54,"column":55},"end":{"line":54,"column":76}},"type":"binary-expr","locations":[{"start":{"line":54,"column":55},"end":{"line":54,"column":59}},{"start":{"line":54,"column":63},"end":{"line":54,"column":76}}],"line":54},"13":{"loc":{"start":{"line":58,"column":11},"end":{"line":58,"column":33}},"type":"binary-expr","locations":[{"start":{"line":58,"column":11},"end":{"line":58,"column":15}},{"start":{"line":58,"column":19},"end":{"line":58,"column":33}}],"line":58},"14":{"loc":{"start":{"line":63,"column":11},"end":{"line":63,"column":33}},"type":"binary-expr","locations":[{"start":{"line":63,"column":11},"end":{"line":63,"column":15}},{"start":{"line":63,"column":19},"end":{"line":63,"column":33}}],"line":63},"15":{"loc":{"start":{"line":68,"column":48},"end":{"line":68,"column":65}},"type":"binary-expr","locations":[{"start":{"line":68,"column":48},"end":{"line":68,"column":52}},{"start":{"line":68,"column":56},"end":{"line":68,"column":65}}],"line":68},"16":{"loc":{"start":{"line":69,"column":50},"end":{"line":69,"column":68}},"type":"binary-expr","locations":[{"start":{"line":69,"column":50},"end":{"line":69,"column":54}},{"start":{"line":69,"column":58},"end":{"line":69,"column":68}}],"line":69},"17":{"loc":{"start":{"line":70,"column":54},"end":{"line":70,"column":74}},"type":"binary-expr","locations":[{"start":{"line":70,"column":54},"end":{"line":70,"column":58}},{"start":{"line":70,"column":62},"end":{"line":70,"column":74}}],"line":70},"18":{"loc":{"start":{"line":71,"column":54},"end":{"line":71,"column":74}},"type":"binary-expr","locations":[{"start":{"line":71,"column":54},"end":{"line":71,"column":58}},{"start":{"line":71,"column":62},"end":{"line":71,"column":74}}],"line":71},"19":{"loc":{"start":{"line":72,"column":56},"end":{"line":72,"column":77}},"type":"binary-expr","locations":[{"start":{"line":72,"column":56},"end":{"line":72,"column":60}},{"start":{"line":72,"column":64},"end":{"line":72,"column":77}}],"line":72},"20":{"loc":{"start":{"line":76,"column":11},"end":{"line":76,"column":33}},"type":"binary-expr","locations":[{"start":{"line":76,"column":11},"end":{"line":76,"column":15}},{"start":{"line":76,"column":19},"end":{"line":76,"column":33}}],"line":76},"21":{"loc":{"start":{"line":81,"column":11},"end":{"line":81,"column":33}},"type":"binary-expr","locations":[{"start":{"line":81,"column":11},"end":{"line":81,"column":15}},{"start":{"line":81,"column":19},"end":{"line":81,"column":33}}],"line":81},"22":{"loc":{"start":{"line":86,"column":11},"end":{"line":86,"column":33}},"type":"binary-expr","locations":[{"start":{"line":86,"column":11},"end":{"line":86,"column":15}},{"start":{"line":86,"column":19},"end":{"line":86,"column":33}}],"line":86},"23":{"loc":{"start":{"line":91,"column":11},"end":{"line":91,"column":34}},"type":"binary-expr","locations":[{"start":{"line":91,"column":11},"end":{"line":91,"column":15}},{"start":{"line":91,"column":19},"end":{"line":91,"column":34}}],"line":91},"24":{"loc":{"start":{"line":128,"column":4},"end":{"line":149,"column":5}},"type":"if","locations":[{"start":{"line":128,"column":4},"end":{"line":149,"column":5}},{"start":{"line":128,"column":4},"end":{"line":149,"column":5}}],"line":128},"25":{"loc":{"start":{"line":128,"column":8},"end":{"line":128,"column":77}},"type":"binary-expr","locations":[{"start":{"line":128,"column":8},"end":{"line":128,"column":41}},{"start":{"line":128,"column":45},"end":{"line":128,"column":77}}],"line":128},"26":{"loc":{"start":{"line":154,"column":21},"end":{"line":156,"column":50}},"type":"cond-expr","locations":[{"start":{"line":155,"column":10},"end":{"line":155,"column":75}},{"start":{"line":156,"column":10},"end":{"line":156,"column":50}}],"line":154},"27":{"loc":{"start":{"line":159,"column":6},"end":{"line":165,"column":7}},"type":"if","locations":[{"start":{"line":159,"column":6},"end":{"line":165,"column":7}},{"start":{"line":159,"column":6},"end":{"line":165,"column":7}}],"line":159},"28":{"loc":{"start":{"line":159,"column":10},"end":{"line":159,"column":64}},"type":"binary-expr","locations":[{"start":{"line":159,"column":10},"end":{"line":159,"column":35}},{"start":{"line":159,"column":39},"end":{"line":159,"column":64}}],"line":159},"29":{"loc":{"start":{"line":173,"column":4},"end":{"line":177,"column":5}},"type":"if","locations":[{"start":{"line":173,"column":4},"end":{"line":177,"column":5}},{"start":{"line":173,"column":4},"end":{"line":177,"column":5}}],"line":173},"30":{"loc":{"start":{"line":185,"column":16},"end":{"line":190,"column":16}},"type":"binary-expr","locations":[{"start":{"line":185,"column":16},"end":{"line":185,"column":23}},{"start":{"line":185,"column":27},"end":{"line":190,"column":16}}],"line":185},"31":{"loc":{"start":{"line":187,"column":25},"end":{"line":187,"column":49}},"type":"cond-expr","locations":[{"start":{"line":187,"column":33},"end":{"line":187,"column":40}},{"start":{"line":187,"column":43},"end":{"line":187,"column":49}}],"line":187},"32":{"loc":{"start":{"line":200,"column":38},"end":{"line":200,"column":58}},"type":"binary-expr","locations":[{"start":{"line":200,"column":38},"end":{"line":200,"column":42}},{"start":{"line":200,"column":46},"end":{"line":200,"column":58}}],"line":200},"33":{"loc":{"start":{"line":207,"column":39},"end":{"line":207,"column":60}},"type":"binary-expr","locations":[{"start":{"line":207,"column":39},"end":{"line":207,"column":43}},{"start":{"line":207,"column":47},"end":{"line":207,"column":60}}],"line":207},"34":{"loc":{"start":{"line":214,"column":22},"end":{"line":214,"column":53}},"type":"cond-expr","locations":[{"start":{"line":214,"column":35},"end":{"line":214,"column":43}},{"start":{"line":214,"column":45},"end":{"line":214,"column":53}}],"line":214},"35":{"loc":{"start":{"line":215,"column":20},"end":{"line":215,"column":48}},"type":"cond-expr","locations":[{"start":{"line":215,"column":33},"end":{"line":215,"column":39}},{"start":{"line":215,"column":41},"end":{"line":215,"column":48}}],"line":215}},"s":{"0":1,"1":2,"2":1,"3":2,"4":1,"5":2,"6":1,"7":0,"8":0,"9":0,"10":0,"11":0,"12":0,"13":0,"14":0,"15":0,"16":0,"17":0,"18":0,"19":0,"20":0,"21":0,"22":0,"23":0,"24":0,"25":0,"26":0,"27":0,"28":0,"29":0,"30":0,"31":0,"32":0,"33":0,"34":2,"35":0,"36":0,"37":2,"38":2,"39":2,"40":0},"f":{"0":2,"1":2,"2":2,"3":0,"4":0,"5":0,"6":0,"7":0,"8":0,"9":0,"10":0,"11":2,"12":0,"13":0},"b":{"0":[2,1],"1":[2,1],"2":[2,1],"3":[2,1],"4":[2,1],"5":[2,1],"6":[2,1],"7":[2,1],"8":[2,1],"9":[2,1],"10":[2,1],"11":[2,1],"12":[2,1],"13":[2,1],"14":[2,1],"15":[2,1],"16":[2,1],"17":[2,1],"18":[2,1],"19":[2,1],"20":[2,1],"21":[2,1],"22":[2,1],"23":[2,1],"24":[0,0],"25":[0,0],"26":[0,0],"27":[0,0],"28":[0,0],"29":[0,2],"30":[2,0],"31":[0,0],"32":[2,1],"33":[2,1],"34":[0,2],"35":[0,2]},"_coverageSchema":"43e27e138ebf9cfc5966b082cf9a028302ed4184","hash":"650a9ee770018f0163af8ed92d11bd0d72b47471"}
,"/Users/alexmwaleh/projects/kasha/with-semantic-ui-app/pages/home.js": {"path":"/Users/alexmwaleh/projects/kasha/with-semantic-ui-app/pages/home.js","statementMap":{"0":{"start":{"line":18,"column":21},"end":{"line":51,"column":1}},"1":{"start":{"line":19,"column":2},"end":{"line":50,"column":16}},"2":{"start":{"line":59,"column":16},"end":{"line":59,"column":57}},"3":{"start":{"line":60,"column":22},"end":{"line":60,"column":42}},"4":{"start":{"line":61,"column":4},"end":{"line":61,"column":33}},"5":{"start":{"line":65,"column":26},"end":{"line":65,"column":36}},"6":{"start":{"line":66,"column":23},"end":{"line":66,"column":60}},"7":{"start":{"line":67,"column":23},"end":{"line":67,"column":55}},"8":{"start":{"line":68,"column":4},"end":{"line":92,"column":6}},"9":{"start":{"line":72,"column":12},"end":{"line":72,"column":55}},"10":{"start":{"line":96,"column":0},"end":{"line":101,"column":2}},"11":{"start":{"line":97,"column":14},"end":{"line":97,"column":47}},"12":{"start":{"line":98,"column":15},"end":{"line":98,"column":35}},"13":{"start":{"line":99,"column":2},"end":{"line":99,"column":27}},"14":{"start":{"line":100,"column":2},"end":{"line":100,"column":51}}},"fnMap":{"0":{"name":"(anonymous_0)","decl":{"start":{"line":18,"column":21},"end":{"line":18,"column":22}},"loc":{"start":{"line":19,"column":2},"end":{"line":50,"column":16}},"line":19},"1":{"name":"(anonymous_1)","decl":{"start":{"line":58,"column":21},"end":{"line":58,"column":22}},"loc":{"start":{"line":58,"column":50},"end":{"line":62,"column":3}},"line":58},"2":{"name":"(anonymous_2)","decl":{"start":{"line":64,"column":2},"end":{"line":64,"column":3}},"loc":{"start":{"line":64,"column":11},"end":{"line":93,"column":3}},"line":64},"3":{"name":"(anonymous_3)","decl":{"start":{"line":71,"column":25},"end":{"line":71,"column":26}},"loc":{"start":{"line":72,"column":12},"end":{"line":72,"column":55}},"line":72},"4":{"name":"(anonymous_4)","decl":{"start":{"line":96,"column":27},"end":{"line":96,"column":28}},"loc":{"start":{"line":96,"column":46},"end":{"line":101,"column":1}},"line":96}},"branchMap":{"0":{"loc":{"start":{"line":77,"column":13},"end":{"line":88,"column":13}},"type":"binary-expr","locations":[{"start":{"line":77,"column":13},"end":{"line":77,"column":27}},{"start":{"line":78,"column":14},"end":{"line":87,"column":16}}],"line":77}},"s":{"0":1,"1":0,"2":0,"3":0,"4":0,"5":1,"6":1,"7":1,"8":1,"9":2,"10":1,"11":0,"12":0,"13":0,"14":0},"f":{"0":0,"1":0,"2":1,"3":2,"4":0},"b":{"0":[1,1]},"_coverageSchema":"43e27e138ebf9cfc5966b082cf9a028302ed4184","hash":"bcf79dd80546a979345c1b9cfa9fb738f34afb6a"}
,"/Users/alexmwaleh/projects/kasha/with-semantic-ui-app/pages/index.js": {"path":"/Users/alexmwaleh/projects/kasha/with-semantic-ui-app/pages/index.js","statementMap":{"0":{"start":{"line":9,"column":13},"end":{"line":9,"column":53}},"1":{"start":{"line":20,"column":4},"end":{"line":23,"column":5}},"2":{"start":{"line":21,"column":6},"end":{"line":21,"column":34}},"3":{"start":{"line":22,"column":6},"end":{"line":22,"column":32}},"4":{"start":{"line":26,"column":28},"end":{"line":26,"column":36}},"5":{"start":{"line":27,"column":4},"end":{"line":34,"column":7}},"6":{"start":{"line":28,"column":6},"end":{"line":33,"column":8}},"7":{"start":{"line":38,"column":4},"end":{"line":61,"column":5}},"8":{"start":{"line":39,"column":6},"end":{"line":51,"column":11}},"9":{"start":{"line":41,"column":10},"end":{"line":47,"column":11}},"10":{"start":{"line":42,"column":27},"end":{"line":42,"column":48}},"11":{"start":{"line":43,"column":12},"end":{"line":43,"column":32}},"12":{"start":{"line":44,"column":12},"end":{"line":44,"column":76}},"13":{"start":{"line":46,"column":12},"end":{"line":46,"column":70}},"14":{"start":{"line":50,"column":10},"end":{"line":50,"column":25}},"15":{"start":{"line":53,"column":6},"end":{"line":60,"column":11}},"16":{"start":{"line":56,"column":10},"end":{"line":56,"column":36}},"17":{"start":{"line":59,"column":10},"end":{"line":59,"column":69}},"18":{"start":{"line":62,"column":4},"end":{"line":64,"column":13}},"19":{"start":{"line":63,"column":6},"end":{"line":63,"column":40}},"20":{"start":{"line":68,"column":4},"end":{"line":68,"column":38}},"21":{"start":{"line":71,"column":4},"end":{"line":71,"column":58}},"22":{"start":{"line":74,"column":52},"end":{"line":74,"column":62}},"23":{"start":{"line":76,"column":4},"end":{"line":117,"column":6}}},"fnMap":{"0":{"name":"(anonymous_0)","decl":{"start":{"line":19,"column":2},"end":{"line":19,"column":3}},"loc":{"start":{"line":19,"column":22},"end":{"line":24,"column":3}},"line":19},"1":{"name":"(anonymous_1)","decl":{"start":{"line":25,"column":17},"end":{"line":25,"column":18}},"loc":{"start":{"line":25,"column":22},"end":{"line":35,"column":3}},"line":25},"2":{"name":"(anonymous_2)","decl":{"start":{"line":27,"column":18},"end":{"line":27,"column":19}},"loc":{"start":{"line":27,"column":31},"end":{"line":34,"column":5}},"line":27},"3":{"name":"(anonymous_3)","decl":{"start":{"line":37,"column":17},"end":{"line":37,"column":18}},"loc":{"start":{"line":37,"column":23},"end":{"line":65,"column":3}},"line":37},"4":{"name":"(anonymous_4)","decl":{"start":{"line":40,"column":14},"end":{"line":40,"column":15}},"loc":{"start":{"line":40,"column":32},"end":{"line":48,"column":9}},"line":40},"5":{"name":"(anonymous_5)","decl":{"start":{"line":49,"column":15},"end":{"line":49,"column":16}},"loc":{"start":{"line":49,"column":20},"end":{"line":51,"column":9}},"line":49},"6":{"name":"(anonymous_6)","decl":{"start":{"line":55,"column":14},"end":{"line":55,"column":15}},"loc":{"start":{"line":55,"column":22},"end":{"line":57,"column":9}},"line":55},"7":{"name":"(anonymous_7)","decl":{"start":{"line":58,"column":15},"end":{"line":58,"column":16}},"loc":{"start":{"line":58,"column":20},"end":{"line":60,"column":9}},"line":58},"8":{"name":"(anonymous_8)","decl":{"start":{"line":62,"column":15},"end":{"line":62,"column":16}},"loc":{"start":{"line":62,"column":21},"end":{"line":64,"column":5}},"line":62},"9":{"name":"(anonymous_9)","decl":{"start":{"line":67,"column":18},"end":{"line":67,"column":19}},"loc":{"start":{"line":67,"column":24},"end":{"line":69,"column":3}},"line":67},"10":{"name":"(anonymous_10)","decl":{"start":{"line":70,"column":15},"end":{"line":70,"column":16}},"loc":{"start":{"line":70,"column":21},"end":{"line":72,"column":3}},"line":70},"11":{"name":"(anonymous_11)","decl":{"start":{"line":73,"column":2},"end":{"line":73,"column":3}},"loc":{"start":{"line":73,"column":11},"end":{"line":118,"column":3}},"line":73}},"branchMap":{"0":{"loc":{"start":{"line":20,"column":4},"end":{"line":23,"column":5}},"type":"if","locations":[{"start":{"line":20,"column":4},"end":{"line":23,"column":5}},{"start":{"line":20,"column":4},"end":{"line":23,"column":5}}],"line":20},"1":{"loc":{"start":{"line":38,"column":4},"end":{"line":61,"column":5}},"type":"if","locations":[{"start":{"line":38,"column":4},"end":{"line":61,"column":5}},{"start":{"line":38,"column":4},"end":{"line":61,"column":5}}],"line":38},"2":{"loc":{"start":{"line":41,"column":10},"end":{"line":47,"column":11}},"type":"if","locations":[{"start":{"line":41,"column":10},"end":{"line":47,"column":11}},{"start":{"line":41,"column":10},"end":{"line":47,"column":11}}],"line":41},"3":{"loc":{"start":{"line":79,"column":11},"end":{"line":85,"column":11}},"type":"binary-expr","locations":[{"start":{"line":79,"column":11},"end":{"line":79,"column":18}},{"start":{"line":80,"column":12},"end":{"line":84,"column":14}}],"line":79},"4":{"loc":{"start":{"line":81,"column":22},"end":{"line":81,"column":46}},"type":"cond-expr","locations":[{"start":{"line":81,"column":30},"end":{"line":81,"column":37}},{"start":{"line":81,"column":40},"end":{"line":81,"column":46}}],"line":81},"5":{"loc":{"start":{"line":82,"column":23},"end":{"line":82,"column":39}},"type":"binary-expr","locations":[{"start":{"line":82,"column":23},"end":{"line":82,"column":28}},{"start":{"line":82,"column":32},"end":{"line":82,"column":39}}],"line":82},"6":{"loc":{"start":{"line":83,"column":21},"end":{"line":83,"column":44}},"type":"cond-expr","locations":[{"start":{"line":83,"column":29},"end":{"line":83,"column":34}},{"start":{"line":83,"column":37},"end":{"line":83,"column":44}}],"line":83},"7":{"loc":{"start":{"line":89,"column":13},"end":{"line":89,"column":46}},"type":"cond-expr","locations":[{"start":{"line":89,"column":26},"end":{"line":89,"column":36}},{"start":{"line":89,"column":39},"end":{"line":89,"column":46}}],"line":89},"8":{"loc":{"start":{"line":108,"column":21},"end":{"line":108,"column":54}},"type":"cond-expr","locations":[{"start":{"line":108,"column":34},"end":{"line":108,"column":44}},{"start":{"line":108,"column":47},"end":{"line":108,"column":54}}],"line":108},"9":{"loc":{"start":{"line":109,"column":19},"end":{"line":109,"column":49}},"type":"cond-expr","locations":[{"start":{"line":109,"column":32},"end":{"line":109,"column":39}},{"start":{"line":109,"column":42},"end":{"line":109,"column":49}}],"line":109},"10":{"loc":{"start":{"line":113,"column":13},"end":{"line":113,"column":63}},"type":"cond-expr","locations":[{"start":{"line":113,"column":26},"end":{"line":113,"column":42}},{"start":{"line":113,"column":45},"end":{"line":113,"column":63}}],"line":113}},"s":{"0":1,"1":1,"2":0,"3":0,"4":0,"5":0,"6":0,"7":0,"8":0,"9":0,"10":0,"11":0,"12":0,"13":0,"14":0,"15":0,"16":0,"17":0,"18":0,"19":0,"20":0,"21":0,"22":1,"23":1},"f":{"0":1,"1":0,"2":0,"3":0,"4":0,"5":0,"6":0,"7":0,"8":0,"9":0,"10":0,"11":1},"b":{"0":[0,1],"1":[0,0],"2":[0,0],"3":[1,0],"4":[0,0],"5":[0,0],"6":[0,0],"7":[0,1],"8":[0,1],"9":[0,1],"10":[0,1]},"_coverageSchema":"43e27e138ebf9cfc5966b082cf9a028302ed4184","hash":"d9778cc95137357d4e03c490c1506f1fe9b2f999"}
,"/Users/alexmwaleh/projects/kasha/with-semantic-ui-app/utils/AuthService.js": {"path":"/Users/alexmwaleh/projects/kasha/with-semantic-ui-app/utils/AuthService.js","statementMap":{"0":{"start":{"line":6,"column":4},"end":{"line":16,"column":9}},"1":{"start":{"line":8,"column":8},"end":{"line":8,"column":75}},"2":{"start":{"line":8,"column":31},"end":{"line":8,"column":75}},"3":{"start":{"line":9,"column":8},"end":{"line":9,"column":26}},"4":{"start":{"line":12,"column":8},"end":{"line":12,"column":31}},"5":{"start":{"line":15,"column":8},"end":{"line":15,"column":16}},"6":{"start":{"line":20,"column":18},"end":{"line":20,"column":33}},"7":{"start":{"line":21,"column":4},"end":{"line":21,"column":19}},"8":{"start":{"line":25,"column":4},"end":{"line":25,"column":42}},"9":{"start":{"line":29,"column":4},"end":{"line":29,"column":40}},"10":{"start":{"line":33,"column":4},"end":{"line":33,"column":36}}},"fnMap":{"0":{"name":"(anonymous_0)","decl":{"start":{"line":5,"column":10},"end":{"line":5,"column":11}},"loc":{"start":{"line":5,"column":18},"end":{"line":17,"column":3}},"line":5},"1":{"name":"(anonymous_1)","decl":{"start":{"line":7,"column":12},"end":{"line":7,"column":13}},"loc":{"start":{"line":7,"column":19},"end":{"line":10,"column":7}},"line":7},"2":{"name":"(anonymous_2)","decl":{"start":{"line":11,"column":12},"end":{"line":11,"column":13}},"loc":{"start":{"line":11,"column":20},"end":{"line":13,"column":7}},"line":11},"3":{"name":"(anonymous_3)","decl":{"start":{"line":14,"column":13},"end":{"line":14,"column":14}},"loc":{"start":{"line":14,"column":18},"end":{"line":16,"column":7}},"line":14},"4":{"name":"(anonymous_4)","decl":{"start":{"line":19,"column":13},"end":{"line":19,"column":14}},"loc":{"start":{"line":19,"column":19},"end":{"line":22,"column":3}},"line":19},"5":{"name":"(anonymous_5)","decl":{"start":{"line":24,"column":2},"end":{"line":24,"column":3}},"loc":{"start":{"line":24,"column":23},"end":{"line":26,"column":3}},"line":24},"6":{"name":"(anonymous_6)","decl":{"start":{"line":28,"column":13},"end":{"line":28,"column":14}},"loc":{"start":{"line":28,"column":19},"end":{"line":30,"column":3}},"line":28},"7":{"name":"(anonymous_7)","decl":{"start":{"line":32,"column":11},"end":{"line":32,"column":12}},"loc":{"start":{"line":32,"column":17},"end":{"line":34,"column":3}},"line":32}},"branchMap":{"0":{"loc":{"start":{"line":8,"column":8},"end":{"line":8,"column":75}},"type":"if","locations":[{"start":{"line":8,"column":8},"end":{"line":8,"column":75}},{"start":{"line":8,"column":8},"end":{"line":8,"column":75}}],"line":8}},"s":{"0":1,"1":1,"2":0,"3":1,"4":1,"5":0,"6":2,"7":2,"8":2,"9":2,"10":1},"f":{"0":1,"1":1,"2":1,"3":0,"4":2,"5":2,"6":2,"7":1},"b":{"0":[0,1]},"_coverageSchema":"43e27e138ebf9cfc5966b082cf9a028302ed4184","hash":"3eda2076836c8258cd38319bcba6f82c25edbeca"}
,"/Users/alexmwaleh/projects/kasha/with-semantic-ui-app/utils/handler.js": {"path":"/Users/alexmwaleh/projects/kasha/with-semantic-ui-app/utils/handler.js","statementMap":{"0":{"start":{"line":1,"column":26},"end":{"line":9,"column":4}},"1":{"start":{"line":2,"column":2},"end":{"line":9,"column":4}},"2":{"start":{"line":11,"column":27},"end":{"line":19,"column":4}},"3":{"start":{"line":12,"column":2},"end":{"line":19,"column":4}}},"fnMap":{"0":{"name":"(anonymous_0)","decl":{"start":{"line":1,"column":26},"end":{"line":1,"column":27}},"loc":{"start":{"line":2,"column":2},"end":{"line":9,"column":4}},"line":2},"1":{"name":"(anonymous_1)","decl":{"start":{"line":11,"column":27},"end":{"line":11,"column":28}},"loc":{"start":{"line":12,"column":2},"end":{"line":19,"column":4}},"line":12}},"branchMap":{},"s":{"0":3,"1":0,"2":3,"3":1},"f":{"0":0,"1":1},"b":{},"_coverageSchema":"43e27e138ebf9cfc5966b082cf9a028302ed4184","hash":"0044e0a5d7cd05c074df52e3351a0a24cc075081"}
,"/Users/alexmwaleh/projects/kasha/with-semantic-ui-app/utils/withAuth.js": {"path":"/Users/alexmwaleh/projects/kasha/with-semantic-ui-app/utils/withAuth.js","statementMap":{"0":{"start":{"line":7,"column":15},"end":{"line":7,"column":55}},"1":{"start":{"line":9,"column":2},"end":{"line":40,"column":3}},"2":{"start":{"line":11,"column":6},"end":{"line":11,"column":18}},"3":{"start":{"line":12,"column":6},"end":{"line":14,"column":8}},"4":{"start":{"line":17,"column":6},"end":{"line":17,"column":47}},"5":{"start":{"line":20,"column":6},"end":{"line":23,"column":7}},"6":{"start":{"line":21,"column":8},"end":{"line":21,"column":31}},"7":{"start":{"line":22,"column":8},"end":{"line":22,"column":27}},"8":{"start":{"line":24,"column":6},"end":{"line":24,"column":41}},"9":{"start":{"line":28,"column":6},"end":{"line":38,"column":7}}},"fnMap":{"0":{"name":"withAuth","decl":{"start":{"line":6,"column":24},"end":{"line":6,"column":32}},"loc":{"start":{"line":6,"column":48},"end":{"line":41,"column":1}},"line":6},"1":{"name":"(anonymous_1)","decl":{"start":{"line":10,"column":4},"end":{"line":10,"column":5}},"loc":{"start":{"line":10,"column":23},"end":{"line":15,"column":5}},"line":10},"2":{"name":"(anonymous_2)","decl":{"start":{"line":16,"column":4},"end":{"line":16,"column":5}},"loc":{"start":{"line":16,"column":32},"end":{"line":18,"column":5}},"line":16},"3":{"name":"(anonymous_3)","decl":{"start":{"line":19,"column":4},"end":{"line":19,"column":5}},"loc":{"start":{"line":19,"column":24},"end":{"line":25,"column":5}},"line":19},"4":{"name":"(anonymous_4)","decl":{"start":{"line":27,"column":4},"end":{"line":27,"column":5}},"loc":{"start":{"line":27,"column":13},"end":{"line":39,"column":5}},"line":27}},"branchMap":{"0":{"loc":{"start":{"line":20,"column":6},"end":{"line":23,"column":7}},"type":"if","locations":[{"start":{"line":20,"column":6},"end":{"line":23,"column":7}},{"start":{"line":20,"column":6},"end":{"line":23,"column":7}}],"line":20},"1":{"loc":{"start":{"line":31,"column":12},"end":{"line":35,"column":13}},"type":"cond-expr","locations":[{"start":{"line":32,"column":12},"end":{"line":32,"column":51}},{"start":{"line":34,"column":12},"end":{"line":34,"column":61}}],"line":31}},"s":{"0":2,"1":2,"2":0,"3":0,"4":0,"5":0,"6":0,"7":0,"8":0,"9":0},"f":{"0":2,"1":0,"2":0,"3":0,"4":0},"b":{"0":[0,0],"1":[0,0]},"_coverageSchema":"43e27e138ebf9cfc5966b082cf9a028302ed4184","hash":"d41613b8be1c2f18b5cdbd19766d8600fdb0fed4"}
}
