TN:
SF:/Users/alexmwaleh/projects/kasha/with-semantic-ui-app/api/index.js
FN:15,(anonymous_0)
FN:17,(anonymous_1)
FN:19,(anonymous_2)
FNF:3
FNH:0
FNDA:0,(anonymous_0)
FNDA:0,(anonymous_1)
FNDA:0,(anonymous_2)
DA:3,1
DA:4,1
DA:5,1
DA:15,1
DA:17,1
DA:19,1
LF:6
LH:6
BRF:0
BRH:0
end_of_record
TN:
SF:/Users/alexmwaleh/projects/kasha/with-semantic-ui-app/components/layout.js
FN:11,(anonymous_0)
FN:15,(anonymous_1)
FNF:2
FNH:1
FNDA:0,(anonymous_0)
FNDA:1,(anonymous_1)
DA:9,2
DA:12,0
DA:13,0
DA:16,1
LF:4
LH:2
BRF:0
BRH:0
end_of_record
TN:
SF:/Users/alexmwaleh/projects/kasha/with-semantic-ui-app/pages/create_customer.js
FN:8,(anonymous_0)
FN:37,(anonymous_1)
FN:67,(anonymous_2)
FN:95,(anonymous_3)
FN:97,(anonymous_4)
FN:104,(anonymous_5)
FN:117,(anonymous_6)
FN:125,(anonymous_7)
FN:132,(anonymous_8)
FN:144,(anonymous_9)
FN:151,(anonymous_10)
FN:172,(anonymous_11)
FN:174,(anonymous_12)
FN:182,(anonymous_13)
FNF:14
FNH:4
FNDA:2,(anonymous_0)
FNDA:2,(anonymous_1)
FNDA:2,(anonymous_2)
FNDA:0,(anonymous_3)
FNDA:0,(anonymous_4)
FNDA:0,(anonymous_5)
FNDA:0,(anonymous_6)
FNDA:0,(anonymous_7)
FNDA:0,(anonymous_8)
FNDA:0,(anonymous_9)
FNDA:0,(anonymous_10)
FNDA:2,(anonymous_11)
FNDA:0,(anonymous_12)
FNDA:0,(anonymous_13)
DA:8,2
DA:37,2
DA:67,2
DA:95,1
DA:96,0
DA:98,0
DA:104,0
DA:118,0
DA:119,0
DA:120,0
DA:122,0
DA:126,0
DA:127,0
DA:128,0
DA:129,0
DA:130,0
DA:131,0
DA:132,0
DA:133,0
DA:144,0
DA:145,0
DA:152,0
DA:153,0
DA:154,0
DA:157,0
DA:158,0
DA:159,0
DA:160,0
DA:163,0
DA:164,0
DA:168,0
DA:173,2
DA:174,0
DA:175,0
DA:178,2
DA:179,2
DA:180,2
DA:182,0
LF:38
LH:8
BRDA:14,0,0,2
BRDA:14,0,1,1
BRDA:20,1,0,2
BRDA:20,1,1,1
BRDA:26,2,0,2
BRDA:26,2,1,1
BRDA:33,3,0,2
BRDA:33,3,1,1
BRDA:41,4,0,2
BRDA:41,4,1,1
BRDA:46,5,0,2
BRDA:46,5,1,1
BRDA:48,6,0,2
BRDA:48,6,1,1
BRDA:49,7,0,2
BRDA:49,7,1,1
BRDA:50,8,0,2
BRDA:50,8,1,1
BRDA:51,9,0,2
BRDA:51,9,1,1
BRDA:52,10,0,2
BRDA:52,10,1,1
BRDA:53,11,0,2
BRDA:53,11,1,1
BRDA:54,12,0,2
BRDA:54,12,1,1
BRDA:58,13,0,2
BRDA:58,13,1,1
BRDA:63,14,0,2
BRDA:63,14,1,1
BRDA:68,15,0,2
BRDA:68,15,1,1
BRDA:69,16,0,2
BRDA:69,16,1,1
BRDA:70,17,0,2
BRDA:70,17,1,1
BRDA:71,18,0,2
BRDA:71,18,1,1
BRDA:72,19,0,2
BRDA:72,19,1,1
BRDA:76,20,0,2
BRDA:76,20,1,1
BRDA:81,21,0,2
BRDA:81,21,1,1
BRDA:86,22,0,2
BRDA:86,22,1,1
BRDA:91,23,0,2
BRDA:91,23,1,1
BRDA:128,24,0,0
BRDA:128,24,1,0
BRDA:128,25,0,0
BRDA:128,25,1,0
BRDA:154,26,0,0
BRDA:154,26,1,0
BRDA:159,27,0,0
BRDA:159,27,1,0
BRDA:159,28,0,0
BRDA:159,28,1,0
BRDA:173,29,0,0
BRDA:173,29,1,2
BRDA:185,30,0,2
BRDA:185,30,1,0
BRDA:187,31,0,0
BRDA:187,31,1,0
BRDA:200,32,0,2
BRDA:200,32,1,1
BRDA:207,33,0,2
BRDA:207,33,1,1
BRDA:214,34,0,0
BRDA:214,34,1,2
BRDA:215,35,0,0
BRDA:215,35,1,2
BRF:72
BRH:56
end_of_record
TN:
SF:/Users/alexmwaleh/projects/kasha/with-semantic-ui-app/pages/home.js
FN:18,(anonymous_0)
FN:58,(anonymous_1)
FN:64,(anonymous_2)
FN:71,(anonymous_3)
FN:96,(anonymous_4)
FNF:5
FNH:2
FNDA:0,(anonymous_0)
FNDA:0,(anonymous_1)
FNDA:1,(anonymous_2)
FNDA:2,(anonymous_3)
FNDA:0,(anonymous_4)
DA:18,1
DA:19,0
DA:59,0
DA:60,0
DA:61,0
DA:65,1
DA:66,1
DA:67,1
DA:68,1
DA:72,2
DA:96,1
DA:97,0
DA:98,0
DA:99,0
DA:100,0
LF:15
LH:7
BRDA:77,0,0,1
BRDA:77,0,1,1
BRF:2
BRH:2
end_of_record
TN:
SF:/Users/alexmwaleh/projects/kasha/with-semantic-ui-app/pages/index.js
FN:19,(anonymous_0)
FN:25,(anonymous_1)
FN:27,(anonymous_2)
FN:37,(anonymous_3)
FN:40,(anonymous_4)
FN:49,(anonymous_5)
FN:55,(anonymous_6)
FN:58,(anonymous_7)
FN:62,(anonymous_8)
FN:67,(anonymous_9)
FN:70,(anonymous_10)
FN:73,(anonymous_11)
FNF:12
FNH:2
FNDA:1,(anonymous_0)
FNDA:0,(anonymous_1)
FNDA:0,(anonymous_2)
FNDA:0,(anonymous_3)
FNDA:0,(anonymous_4)
FNDA:0,(anonymous_5)
FNDA:0,(anonymous_6)
FNDA:0,(anonymous_7)
FNDA:0,(anonymous_8)
FNDA:0,(anonymous_9)
FNDA:0,(anonymous_10)
FNDA:1,(anonymous_11)
DA:9,1
DA:20,1
DA:21,0
DA:22,0
DA:26,0
DA:27,0
DA:28,0
DA:38,0
DA:39,0
DA:41,0
DA:42,0
DA:43,0
DA:44,0
DA:46,0
DA:50,0
DA:53,0
DA:56,0
DA:59,0
DA:62,0
DA:63,0
DA:68,0
DA:71,0
DA:74,1
DA:76,1
LF:24
LH:4
BRDA:20,0,0,0
BRDA:20,0,1,1
BRDA:38,1,0,0
BRDA:38,1,1,0
BRDA:41,2,0,0
BRDA:41,2,1,0
BRDA:79,3,0,1
BRDA:79,3,1,0
BRDA:81,4,0,0
BRDA:81,4,1,0
BRDA:82,5,0,0
BRDA:82,5,1,0
BRDA:83,6,0,0
BRDA:83,6,1,0
BRDA:89,7,0,0
BRDA:89,7,1,1
BRDA:108,8,0,0
BRDA:108,8,1,1
BRDA:109,9,0,0
BRDA:109,9,1,1
BRDA:113,10,0,0
BRDA:113,10,1,1
BRF:22
BRH:6
end_of_record
TN:
SF:/Users/alexmwaleh/projects/kasha/with-semantic-ui-app/utils/AuthService.js
FN:5,(anonymous_0)
FN:7,(anonymous_1)
FN:11,(anonymous_2)
FN:14,(anonymous_3)
FN:19,(anonymous_4)
FN:24,(anonymous_5)
FN:28,(anonymous_6)
FN:32,(anonymous_7)
FNF:8
FNH:7
FNDA:1,(anonymous_0)
FNDA:1,(anonymous_1)
FNDA:1,(anonymous_2)
FNDA:0,(anonymous_3)
FNDA:2,(anonymous_4)
FNDA:2,(anonymous_5)
FNDA:2,(anonymous_6)
FNDA:1,(anonymous_7)
DA:6,1
DA:8,1
DA:9,1
DA:12,1
DA:15,0
DA:20,2
DA:21,2
DA:25,2
DA:29,2
DA:33,1
LF:10
LH:9
BRDA:8,0,0,0
BRDA:8,0,1,1
BRF:2
BRH:1
end_of_record
TN:
SF:/Users/alexmwaleh/projects/kasha/with-semantic-ui-app/utils/handler.js
FN:1,(anonymous_0)
FN:11,(anonymous_1)
FNF:2
FNH:1
FNDA:0,(anonymous_0)
FNDA:1,(anonymous_1)
DA:1,3
DA:2,0
DA:11,3
DA:12,1
LF:4
LH:3
BRF:0
BRH:0
end_of_record
TN:
SF:/Users/alexmwaleh/projects/kasha/with-semantic-ui-app/utils/withAuth.js
FN:6,withAuth
FN:10,(anonymous_1)
FN:16,(anonymous_2)
FN:19,(anonymous_3)
FN:27,(anonymous_4)
FNF:5
FNH:1
FNDA:2,withAuth
FNDA:0,(anonymous_1)
FNDA:0,(anonymous_2)
FNDA:0,(anonymous_3)
FNDA:0,(anonymous_4)
DA:7,2
DA:9,2
DA:11,0
DA:12,0
DA:17,0
DA:20,0
DA:21,0
DA:22,0
DA:24,0
DA:28,0
LF:10
LH:2
BRDA:20,0,0,0
BRDA:20,0,1,0
BRDA:31,1,0,0
BRDA:31,1,1,0
BRF:4
BRH:0
end_of_record
